Arguments: 
  /usr/local/bin/node /Users/kohei/.nodebrew/current/bin/yarn add playwright mocha @type/mocha prettier

PATH: 
  /usr/local/bin:/usr/bin:/bin:/usr/sbin:/sbin:/Library/Frameworks/Python.framework/Versions/3.9/bin:/usr/libexec:/usr/local/opt/postgresql@14/bin:/Users/kohei/.nodebrew/current/bin

Yarn version: 
  1.22.19

Node version: 
  18.12.1

Platform: 
  darwin arm64

Trace: 
  Error: https://registry.yarnpkg.com/@type%2fmocha: Not found
      at params.callback [as _callback] (/Users/kohei/.nodebrew/node/v18.6.0/lib/node_modules/yarn/lib/cli.js:66145:18)
      at self.callback (/Users/kohei/.nodebrew/node/v18.6.0/lib/node_modules/yarn/lib/cli.js:140890:22)
      at Request.emit (node:events:513:28)
      at Request.<anonymous> (/Users/kohei/.nodebrew/node/v18.6.0/lib/node_modules/yarn/lib/cli.js:141862:10)
      at Request.emit (node:events:513:28)
      at IncomingMessage.<anonymous> (/Users/kohei/.nodebrew/node/v18.6.0/lib/node_modules/yarn/lib/cli.js:141784:12)
      at Object.onceWrapper (node:events:627:28)
      at IncomingMessage.emit (node:events:525:35)
      at endReadableNT (node:internal/streams/readable:1359:12)
      at process.processTicksAndRejections (node:internal/process/task_queues:82:21)

npm manifest: 
  {
    "name": "playwright-with-mocha",
    "version": "1.0.0",
    "main": "index.js",
    "repository": "https://github.com/Kohei-Suzuki22/playwright-with-mocha.git",
    "author": "kohei <bhkbb0551@gmail.com>",
    "license": "MIT"
  }

yarn manifest: 
  No manifest

Lockfile: 
  No lockfile
